Module_Main/build/outputs/logs/manifest-merger-debug-report.txt
-- Merging decision tree log ---
manifest
ADDED from main\release\AndroidManifest.xml:1:1-10:12
INJECTED from main\release\AndroidManifest.xml:1:1-10:12
INJECTED from main\release\AndroidManifest.xml:1:1-10:12
INJECTED from main\release\AndroidManifest.xml:1:1-10:12
INJECTED from main\release\AndroidManifest.xml:1:1-10:12
INJECTED from main\release\AndroidManifest.xml:1:1-10:12
INJECTED from main\release\AndroidManifest.xml:1:1-10:12
	package
		ADDED from main\release\AndroidManifest.xml:2:5-35
		INJECTED from main\release\AndroidManifest.xml
		INJECTED from main\release\AndroidManifest.xml
	android:versionName
		INJECTED from main\release\AndroidManifest.xml
		ADDED from main\release\AndroidManifest.xml:1:1-10:12
		INJECTED from main\release\AndroidManifest.xml
	android:versionCode
		INJECTED from main\release\AndroidManifest.xml
		ADDED from main\release\AndroidManifest.xml:1:1-10:12
		INJECTED from main\release\AndroidManifest.xml
	xmlns:android
		ADDED from main\release\AndroidManifest.xml:1:11-69
application
ADDED from main\release\AndroidManifest.xml:4:5-8:19
activity#com.zhen.module_main.MySupportActivity
ADDED from main\release\AndroidManifest.xml:5:9-7:20
	android:name
		ADDED from main\release\AndroidManifest.xml:5:19-52
uses-sdk
INJECTED from main\release\AndroidManifest.xml reason: use-sdk injection requested
INJECTED from main\release\AndroidManifest.xml
INJECTED from main\release\AndroidManifest.xml
INJECTED from main\release\AndroidManifest.xml
INJECTED from main\release\AndroidManifest.xml
	android:targetSdkVersion
		INJECTED from main\release\AndroidManifest.xml
		ADDED from main\release\AndroidManifest.xml
		INJECTED from main\release\AndroidManifest.xml
	android:minSdkVersion
		INJECTED from main\release\AndroidManifest.xml
		ADDED from main\release\AndroidManifest.xml
		INJECTED from main\release\AndroidManifest.xml